<?xml version="1.0" encoding="UTF-8"?>
<testng-results skipped="0" failed="0" ignored="0" total="1" passed="1">
  <reporter-output>
  </reporter-output>
  <suite name="tests.SearchAndAddProductToCartTest" duration-ms="4935" started-at="2022-11-23T16:36:32 IST" finished-at="2022-11-23T16:36:37 IST">
    <groups>
    </groups>
    <test name="Command line test" duration-ms="4935" started-at="2022-11-23T16:36:32 IST" finished-at="2022-11-23T16:36:37 IST">
      <class name="tests.SearchAndAddProductToCartTest">
        <test-method status="PASS" signature="verifySearchAndClickOnProduct()[pri:0, instance:tests.SearchAndAddProductToCartTest@7e0b0338]" name="verifySearchAndClickOnProduct" duration-ms="4907" started-at="2022-11-23T16:36:32 IST" finished-at="2022-11-23T16:36:37 IST">
          <reporter-output>
          </reporter-output>
        </test-method> <!-- verifySearchAndClickOnProduct -->
      </class> <!-- tests.SearchAndAddProductToCartTest -->
    </test> <!-- Command line test -->
  </suite> <!-- tests.SearchAndAddProductToCartTest -->
</testng-results>
